<?xml version="1.0" encoding="UTF-8"?>
<coverage generated="1687614003266" clover="3.2.0">
  <project timestamp="1687614003267" name="All files">
    <metrics statements="25" coveredstatements="25" conditionals="10" coveredconditionals="9" methods="4" coveredmethods="4" elements="39" coveredelements="38" complexity="0" loc="25" ncloc="25" packages="1" files="2" classes="2"/>
    <file name="character.js" path="D:\task5\task5\src\character.js">
      <metrics statements="19" coveredstatements="19" conditionals="10" coveredconditionals="9" methods="3" coveredmethods="3"/>
      <line num="3" count="9" type="cond" truecount="4" falsecount="0"/>
      <line num="4" count="1" type="stmt"/>
      <line num="6" count="8" type="stmt"/>
      <line num="14" count="8" type="cond" truecount="2" falsecount="0"/>
      <line num="15" count="1" type="stmt"/>
      <line num="17" count="7" type="stmt"/>
      <line num="18" count="7" type="stmt"/>
      <line num="19" count="7" type="stmt"/>
      <line num="20" count="7" type="stmt"/>
      <line num="23" count="2" type="cond" truecount="2" falsecount="0"/>
      <line num="24" count="1" type="stmt"/>
      <line num="25" count="1" type="stmt"/>
      <line num="26" count="1" type="stmt"/>
      <line num="27" count="1" type="stmt"/>
      <line num="29" count="1" type="stmt"/>
      <line num="33" count="2" type="cond" truecount="1" falsecount="1"/>
      <line num="34" count="2" type="stmt"/>
      <line num="39" count="1" type="stmt"/>
      <line num="40" count="1" type="stmt"/>
    </file>
    <file name="swordsman.js" path="D:\task5\task5\src\swordsman.js">
      <metrics statements="6" coveredstatements="6" conditionals="0" coveredconditionals="0" methods="1" coveredmethods="1"/>
      <line num="5" count="5" type="stmt"/>
      <line num="6" count="5" type="stmt"/>
      <line num="7" count="5" type="stmt"/>
      <line num="11" count="1" type="stmt"/>
      <line num="12" count="1" type="stmt"/>
      <line num="13" count="1" type="stmt"/>
    </file>
  </project>
</coverage>
