TN:
SF:src\character.js
FN:2,(anonymous_0)
FN:22,(anonymous_1)
FN:32,(anonymous_2)
FNF:3
FNH:3
FNDA:10,(anonymous_0)
FNDA:2,(anonymous_1)
FNDA:4,(anonymous_2)
DA:3,10
DA:4,1
DA:6,9
DA:14,9
DA:15,1
DA:17,8
DA:18,8
DA:19,8
DA:20,8
DA:23,2
DA:24,1
DA:25,1
DA:26,1
DA:27,1
DA:29,1
DA:33,4
DA:34,4
DA:35,1
DA:40,1
DA:41,1
LF:20
LH:20
BRDA:3,0,0,1
BRDA:3,0,1,9
BRDA:3,1,0,10
BRDA:3,1,1,9
BRDA:14,2,0,1
BRDA:14,2,1,8
BRDA:23,3,0,1
BRDA:23,3,1,1
BRDA:34,4,0,1
BRDA:34,4,1,3
BRF:10
BRH:10
end_of_record
TN:
SF:src\swordsman.js
FN:4,(anonymous_0)
FNF:1
FNH:1
FNDA:6,(anonymous_0)
DA:5,6
DA:6,6
DA:7,6
DA:11,1
DA:12,1
DA:13,1
LF:6
LH:6
BRF:0
BRH:0
end_of_record
