TN:
SF:src\character.js
FN:2,(anonymous_0)
FN:22,(anonymous_1)
FN:32,(anonymous_2)
FNF:3
FNH:3
FNDA:9,(anonymous_0)
FNDA:2,(anonymous_1)
FNDA:2,(anonymous_2)
DA:3,9
DA:4,1
DA:6,8
DA:14,8
DA:15,1
DA:17,7
DA:18,7
DA:19,7
DA:20,7
DA:23,2
DA:24,1
DA:25,1
DA:26,1
DA:27,1
DA:29,1
DA:33,2
DA:34,2
DA:39,1
DA:40,1
LF:19
LH:19
BRDA:3,0,0,1
BRDA:3,0,1,8
BRDA:3,1,0,9
BRDA:3,1,1,8
BRDA:14,2,0,1
BRDA:14,2,1,7
BRDA:23,3,0,1
BRDA:23,3,1,1
BRDA:33,4,0,2
BRDA:33,4,1,0
BRF:10
BRH:9
end_of_record
TN:
SF:src\swordsman.js
FN:4,(anonymous_0)
FNF:1
FNH:1
FNDA:5,(anonymous_0)
DA:5,5
DA:6,5
DA:7,5
DA:11,1
DA:12,1
DA:13,1
LF:6
LH:6
BRF:0
BRH:0
end_of_record
